2022-08-13 15:58:40.515 INFO  com.koryx.wiki.config.WikiApplication             :55   [32m                  [0;39m Starting WikiApplication using Java 1.8.0_341 on DESKTOP-R85L7MP with PID 13008 (C:\Users\Koryx\OneDrive - Georgia Institute of Technology\SDE\wiki_project\koryxwiki\target\classes started by Koryx in C:\Users\Koryx\OneDrive - Georgia Institute of Technology\SDE\wiki_project\koryxwiki)
2022-08-13 15:58:40.520 INFO  com.koryx.wiki.config.WikiApplication             :634  [32m                  [0;39m No active profile set, falling back to 1 default profile: "default"
2022-08-13 15:58:40.604 INFO  o.s.b.d.env.DevToolsPropertyDefaultsPostProcessor :255  [32m                  [0;39m Devtools property defaults active! Set 'spring.devtools.add-properties' to 'false' to disable
2022-08-13 15:58:40.605 INFO  o.s.b.d.env.DevToolsPropertyDefaultsPostProcessor :255  [32m                  [0;39m For additional web related logging consider setting the 'logging.level.web' property to 'DEBUG'
2022-08-13 15:58:41.715 WARN  org.mybatis.spring.mapper.ClassPathMapperScanner  :44   [32m                  [0;39m No MyBatis mapper was found in '[com.koryx.wiki.config]' package. Please check your configuration.
2022-08-13 15:58:42.589 INFO  o.s.boot.web.embedded.tomcat.TomcatWebServer      :108  [32m                  [0;39m Tomcat initialized with port(s): 8880 (http)
2022-08-13 15:58:42.605 INFO  org.apache.coyote.http11.Http11NioProtocol        :173  [32m                  [0;39m Initializing ProtocolHandler ["http-nio-8880"]
2022-08-13 15:58:42.606 INFO  org.apache.catalina.core.StandardService          :173  [32m                  [0;39m Starting service [Tomcat]
2022-08-13 15:58:42.606 INFO  org.apache.catalina.core.StandardEngine           :173  [32m                  [0;39m Starting Servlet engine: [Apache Tomcat/9.0.65]
2022-08-13 15:58:42.737 INFO  o.a.c.core.ContainerBase.[Tomcat].[localhost].[/] :173  [32m                  [0;39m Initializing Spring embedded WebApplicationContext
2022-08-13 15:58:42.737 INFO  o.s.b.w.s.c.ServletWebServerApplicationContext    :292  [32m                  [0;39m Root WebApplicationContext: initialization completed in 2130 ms
2022-08-13 15:58:43.285 WARN  o.s.b.w.s.c.AnnotationConfigServletWebServerApplicationContext:591  [32m                  [0;39m Exception encountered during context initialization - cancelling refresh attempt: org.springframework.beans.factory.BeanCreationException: Error creating bean with name 'dataSource' defined in class path resource [org/springframework/boot/autoconfigure/jdbc/DataSourceConfiguration$Hikari.class]: Bean instantiation via factory method failed; nested exception is org.springframework.beans.BeanInstantiationException: Failed to instantiate [com.zaxxer.hikari.HikariDataSource]: Factory method 'dataSource' threw exception; nested exception is org.springframework.boot.autoconfigure.jdbc.DataSourceProperties$DataSourceBeanCreationException: Failed to determine a suitable driver class
2022-08-13 15:58:43.290 INFO  org.apache.catalina.core.StandardService          :173  [32m                  [0;39m Stopping service [Tomcat]
2022-08-13 15:58:43.319 INFO  o.s.b.a.l.ConditionEvaluationReportLoggingListener:136  [32m                  [0;39m 

Error starting ApplicationContext. To display the conditions report re-run your application with 'debug' enabled.
2022-08-13 15:58:43.354 ERROR o.s.b.diagnostics.LoggingFailureAnalysisReporter  :40   [32m                  [0;39m 

***************************
APPLICATION FAILED TO START
***************************

Description:

Failed to configure a DataSource: 'url' attribute is not specified and no embedded datasource could be configured.

Reason: Failed to determine a suitable driver class


Action:

Consider the following:
	If you want an embedded database (H2, HSQL or Derby), please put it on the classpath.
	If you have database settings to be loaded from a particular profile you may need to activate it (no profiles are currently active).

2022-08-13 16:00:42.969 INFO  com.koryx.wiki.config.WikiApplication             :55   [32m                  [0;39m Starting WikiApplication using Java 1.8.0_341 on DESKTOP-R85L7MP with PID 5284 (C:\Users\Koryx\OneDrive - Georgia Institute of Technology\SDE\wiki_project\koryxwiki\target\classes started by Koryx in C:\Users\Koryx\OneDrive - Georgia Institute of Technology\SDE\wiki_project\koryxwiki)
2022-08-13 16:00:42.972 INFO  com.koryx.wiki.config.WikiApplication             :634  [32m                  [0;39m No active profile set, falling back to 1 default profile: "default"
2022-08-13 16:00:43.043 INFO  o.s.b.d.env.DevToolsPropertyDefaultsPostProcessor :255  [32m                  [0;39m Devtools property defaults active! Set 'spring.devtools.add-properties' to 'false' to disable
2022-08-13 16:00:43.043 INFO  o.s.b.d.env.DevToolsPropertyDefaultsPostProcessor :255  [32m                  [0;39m For additional web related logging consider setting the 'logging.level.web' property to 'DEBUG'
2022-08-13 16:00:44.000 WARN  org.mybatis.spring.mapper.ClassPathMapperScanner  :44   [32m                  [0;39m No MyBatis mapper was found in '[com.koryx.wiki.config]' package. Please check your configuration.
2022-08-13 16:00:44.708 INFO  o.s.boot.web.embedded.tomcat.TomcatWebServer      :108  [32m                  [0;39m Tomcat initialized with port(s): 8880 (http)
2022-08-13 16:00:44.721 INFO  org.apache.coyote.http11.Http11NioProtocol        :173  [32m                  [0;39m Initializing ProtocolHandler ["http-nio-8880"]
2022-08-13 16:00:44.722 INFO  org.apache.catalina.core.StandardService          :173  [32m                  [0;39m Starting service [Tomcat]
2022-08-13 16:00:44.723 INFO  org.apache.catalina.core.StandardEngine           :173  [32m                  [0;39m Starting Servlet engine: [Apache Tomcat/9.0.65]
2022-08-13 16:00:44.824 INFO  o.a.c.core.ContainerBase.[Tomcat].[localhost].[/] :173  [32m                  [0;39m Initializing Spring embedded WebApplicationContext
2022-08-13 16:00:44.824 INFO  o.s.b.w.s.c.ServletWebServerApplicationContext    :292  [32m                  [0;39m Root WebApplicationContext: initialization completed in 1780 ms
2022-08-13 16:00:45.579 INFO  o.s.b.d.autoconfigure.OptionalLiveReloadServer    :58   [32m                  [0;39m LiveReload server is running on port 35729
2022-08-13 16:00:45.594 INFO  org.apache.coyote.http11.Http11NioProtocol        :173  [32m                  [0;39m Starting ProtocolHandler ["http-nio-8880"]
2022-08-13 16:00:45.626 INFO  o.s.boot.web.embedded.tomcat.TomcatWebServer      :220  [32m                  [0;39m Tomcat started on port(s): 8880 (http) with context path ''
2022-08-13 16:00:45.638 INFO  com.koryx.wiki.config.WikiApplication             :61   [32m                  [0;39m Started WikiApplication in 3.316 seconds (JVM running for 3.958)
2022-08-13 16:00:45.643 INFO  com.koryx.wiki.config.WikiApplication             :22   [32m                  [0;39m lauched successfully!!
2022-08-13 16:00:45.644 INFO  com.koryx.wiki.config.WikiApplication             :23   [32m                  [0;39m address: 	http://127.0.0.1:8880
